[13:21:43.655] - ==================================================
[13:21:43.655] - Chip name is bl702
[13:21:43.655] - Serial port is /dev/ttyUSB1
[13:21:43.655] - Baudrate is 115200
[13:21:43.655] - Firmware is firmware/main.bin
[13:21:43.655] - Device Tree is None
[13:21:43.655] - ==================================================
[13:21:43.655] - Default flash clock is XCLK
[13:21:43.655] - Default pll clock is 144M
[13:21:43.659] - EFUSE_CFG
[13:21:43.659] - BOOTHEADER_CFG
[13:21:43.723] - Create bootheader using /home/druzhcom/.local/lib/python3.10/site-packages/bflb_mcu_tool/chips/bl702/img_create_mcu/efuse_bootheader_cfg.ini
[13:21:43.723] - Updating data according to </home/druzhcom/.local/lib/python3.10/site-packages/bflb_mcu_tool/chips/bl702/img_create_mcu/efuse_bootheader_cfg.ini[BOOTHEADER_CFG]>
[13:21:43.726] - Created file len:176
[13:21:43.730] - Image create path: /home/druzhcom/.local/lib/python3.10/site-packages/bflb_mcu_tool/chips/bl702/img_create_mcu
[13:21:43.730] - Config file: /home/druzhcom/.local/lib/python3.10/site-packages/bflb_mcu_tool/chips/bl702/img_create_mcu/img_create_cfg.ini
[13:21:43.731] - Image hash is b'4d455359932e4dec8bd86bafb066f3c3bcd7aaaa826722ddb8341fb808c79def'
[13:21:43.731] - Header crc: b'd4a09a83'
[13:21:43.731] - Write flash img
[13:21:43.732] - ========= eflash loader config =========
[13:21:43.747] - Version: eflash_loader_v2.4.2
[13:21:43.747] - Program Start
[13:21:43.747] - ========= eflash loader cmd arguments =========
[13:21:43.747] - None
[13:21:43.748] - Config file: /home/druzhcom/.local/lib/python3.10/site-packages/bflb_mcu_tool/chips/bl702/eflash_loader/eflash_loader_cfg.ini
[13:21:43.748] - serial port is /dev/ttyUSB1
[13:21:43.749] - cpu_reset=False
[13:21:43.749] - chiptype: bl702
[13:21:43.749] - ========= Interface is uart =========
[13:21:43.750] - com speed: 115200
[13:21:43.751] - Eflash load helper file: /home/druzhcom/.local/lib/python3.10/site-packages/bflb_mcu_tool/chips/bl702/eflash_loader/eflash_loader_32m.bin
[13:21:43.751] - ========= load eflash_loader.bin =========
[13:21:43.751] - Load eflash_loader.bin via uart
[13:21:43.751] - ========= image load =========
[13:21:43.751] - [Errno 13] could not open port /dev/ttyUSB1: [Errno 13] Permission denied: '/dev/ttyUSB1'
[13:21:44.752] - [Errno 13] could not open port /dev/ttyUSB1: [Errno 13] Permission denied: '/dev/ttyUSB1'
[13:21:45.754] - [Errno 13] could not open port /dev/ttyUSB1: [Errno 13] Permission denied: '/dev/ttyUSB1'
[13:21:46.755] - [Errno 13] could not open port /dev/ttyUSB1: [Errno 13] Permission denied: '/dev/ttyUSB1'
[13:21:47.757] - [Errno 13] could not open port /dev/ttyUSB1: [Errno 13] Permission denied: '/dev/ttyUSB1'
[13:21:48.759] - shake hand fail
[13:21:48.759] - ########################################################################
[13:21:48.759] - 请按照以下描述排查问题：
[13:21:48.759] - GPIO28是否上拉到板子自身的3.3V，而不是外部的3.3V
[13:21:48.759] - GPIO15(RX)是否连接到USB转串口的TX引脚
[13:21:48.759] - GPIO14(TX)是否连接到USB转串口的RX引脚
[13:21:48.759] - 在使用烧录软件进行烧录前，是否在GPIO28拉高的情况下，使用Reset/Chip_En复位了芯片
[13:21:48.759] - 烧录软件所选择的COM口，是否是连接芯片的串口
[13:21:48.760] - 烧录软件上选择的波特率是否是USB转串口支持的波特率
[13:21:48.760] - 3.3V供电是否正常
[13:21:48.760] - 板子供电电流是否正常(烧录模式下，芯片耗电电流5-7mA)
[13:21:48.760] - ########################################################################
[13:21:48.760] - shake hand fail
[13:21:48.760] - Load helper bin time cost(ms): 5009.263671875
[13:21:48.760] - {"ErrorCode": "0050","ErrorMsg":"BFLB IMG LOAD SHAKEHAND FAIL"}
[13:21:48.760] - {"ErrorCode": "0003","ErrorMsg":"BFLB LOAD HELP BIN FAIL"}
[13:21:48.760] - Burn Retry
[13:21:48.760] - 0
[13:21:48.760] - Burn return with retry fail