sudo ./bflb_mcu_tool --chipname bl702 --port /dev/ttyUSB0 --xtal 32M --firmware /home/druzhcom/Documents/fpga/RV-Debugger-BL702_mod/main.bin
[10:14:20.234] - ==================================================
[10:14:20.234] - Chip name is bl702
[10:14:20.234] - Serial port is /dev/ttyUSB0
[10:14:20.234] - Baudrate is 115200
[10:14:20.234] - Firmware is /home/druzhcom/Documents/fpga/RV-Debugger-BL702_mod/main.bin
[10:14:20.234] - Default flash clock is 72M
[10:14:20.234] - Default pll clock is 144M
[10:14:20.234] - ==================================================
[10:14:20.295] - Update flash cfg finished
[10:14:20.301] - EFUSE_CFG
[10:14:20.301] - BOOTHEADER_CFG
[10:14:20.314] - Create bootheader using /home/druzhcom/Documents/fpga/bl_mcu_sdk/tools/bflb_flash_tool/chips/bl702/img_create_mcu/bootheader_cfg.ini
[10:14:20.315] - Updating data according to </home/druzhcom/Documents/fpga/bl_mcu_sdk/tools/bflb_flash_tool/chips/bl702/img_create_mcu/bootheader_cfg.ini[BOOTHEADER_CFG]>
[10:14:20.321] - Created file len:176
[10:14:20.327] - Image create path: /home/druzhcom/Documents/fpga/bl_mcu_sdk/tools/bflb_flash_tool/chips/bl702/img_create_mcu
[10:14:20.327] - Config file: /home/druzhcom/Documents/fpga/bl_mcu_sdk/tools/bflb_flash_tool/chips/bl702/img_create_mcu/img_create_cfg.ini
[10:14:20.329] - Image hash is b'4d455359932e4dec8bd86bafb066f3c3bcd7aaaa826722ddb8341fb808c79def'
[10:14:20.329] - Header crc: b'e59bba81'
[10:14:20.329] - Write flash img
[10:14:20.330] - ========= eflash loader config =========
[10:14:20.343] - Version: bflb_eflash_loader_v2.1.2
[10:14:20.343] - Program Start
[10:14:20.343] - ========= eflash loader cmd arguments =========
[10:14:20.343] - Config file: /home/druzhcom/Documents/fpga/bl_mcu_sdk/tools/bflb_flash_tool/chips/bl702/eflash_loader/eflash_loader_cfg.ini
[10:14:20.344] - serial port is /dev/ttyUSB0
[10:14:20.344] - chiptype: bl702
[10:14:20.344] - ========= Interface is uart =========
[10:14:20.344] - com speed: 115200
[10:14:20.344] - Eflash load helper file: /home/druzhcom/Documents/fpga/bl_mcu_sdk/tools/bflb_flash_tool/chips/bl702/eflash_loader/eflash_loader_32m.bin
[10:14:20.344] - Eflash load helper file: /home/druzhcom/Documents/fpga/bl_mcu_sdk/tools/bflb_flash_tool/chips/bl702/eflash_loader/eflash_loader_32m.bin
[10:14:20.344] - ========= load eflash_loader.bin =========
[10:14:20.344] - Load eflash_loader.bin via uart
[10:14:20.344] - ========= image load =========
[10:14:20.606] - tx rx and power off, press the machine!
[10:14:20.606] - cutoff time is 0.05
[10:14:20.657] - power on tx and rx
[10:14:21.561] - reset cnt: 0, reset hold: 0.05, shake hand delay: 0.1
[10:14:21.561] - clean buf
[10:14:21.561] - send sync
[10:14:21.662] - ack is b''
[10:14:21.662] - retry
[10:14:26.885] - [Errno 5] Input/output error
[10:14:26.886] - {"ErrorCode": "0003","ErrorMsg":"BFLB LOAD HELP BIN FAIL"}
[10:14:26.886] - Burn Retry
[10:14:26.886] - 0

